                      :-) GROMACS - gmx mdrun, 2022.4 (-:

Copyright 1991-2022 The GROMACS Authors.
GROMACS is free software; you can redistribute it and/or modify it
under the terms of the GNU Lesser General Public License
as published by the Free Software Foundation; either version 2.1
of the License, or (at your option) any later version.

                         Current GROMACS contributors:
       Mark Abraham           Andrey Alekseenko           Cathrine Bergh      
      Christian Blau            Eliane Briand               Kevin Boyd        
     Oliver Fleetwood         Stefan Fleischmann           Vytas Gapsys       
       Gaurav Garg           Gilles Gouaillardet            Alan Gray         
      Victor Holanda           M. Eric Irrgang              Joe Jordan        
    Christoph Junghans        Prashanth Kanduri           Sebastian Kehl      
     Sebastian Keller          Carsten Kutzner           Magnus Lundborg      
       Pascal Merz              Dmitry Morozov             Szilard Pall       
      Roland Schulz             Michael Shirts         David van der Spoel    
     Alessandra Villa      Sebastian Wingbermuehle        Artem Zhmurov       

                         Previous GROMACS contributors:
        Emile Apol             Rossen Apostolov           James Barnett       
  Herman J.C. Berendsen          Par Bjelkmar           Viacheslav Bolnykh    
    Aldert van Buuren          Carlo Camilloni           Rudi van Drunen      
      Anton Feenstra           Gerrit Groenhof            Bert de Groot       
      Anca Hamuraru           Vincent Hindriksen         Aleksei Iupinov      
   Dimitrios Karkoulis           Peter Kasson               Jiri Kraus        
       Per Larsson             Justin A. Lemkul           Viveca Lindahl      
      Erik Marklund           Pieter Meulenhoff           Vedran Miletic      
      Teemu Murtola              Sander Pronk            Alexey Shvetsov      
      Alfons Sijbers            Peter Tieleman             Jon Vincent        
     Teemu Virolainen         Christian Wennberg           Maarten Wolf       

                  Coordinated by the GROMACS project leaders:
                    Paul Bauer, Berk Hess, and Erik Lindahl

GROMACS:      gmx mdrun, version 2022.4
Executable:   /usr/local/gromacs-2022.4/bin/gmx
Data prefix:  /usr/local/gromacs-2022.4
Working dir:  /home/student/DIM/DIM_C1-Nda/umb
Process ID:   249822
Command line:
  gmx mdrun -deffnm umb21 -nt 1 -gpu_id 0 -v

GROMACS version:    2022.4
Precision:          mixed
Memory model:       64 bit
MPI library:        thread_mpi
OpenMP support:     enabled (GMX_OPENMP_MAX_THREADS = 128)
GPU support:        CUDA
SIMD instructions:  AVX_512
CPU FFT library:    fftw-3.3.8-sse2-avx-avx2-avx2_128-avx512
GPU FFT library:    cuFFT
RDTSCP usage:       enabled
TNG support:        enabled
Hwloc support:      disabled
Tracing support:    disabled
C compiler:         /usr/bin/cc GNU 9.4.0
C compiler flags:   -mavx512f -mfma -mavx512vl -mavx512dq -mavx512bw -Wno-missing-field-initializers -fexcess-precision=fast -funroll-all-loops -O3 -DNDEBUG
C++ compiler:       /usr/bin/c++ GNU 9.4.0
C++ compiler flags: -mavx512f -mfma -mavx512vl -mavx512dq -mavx512bw -Wno-missing-field-initializers -fexcess-precision=fast -funroll-all-loops -fopenmp -O3 -DNDEBUG
CUDA compiler:      /usr/local/cuda-12.0/bin/nvcc nvcc: NVIDIA (R) Cuda compiler driver;Copyright (c) 2005-2022 NVIDIA Corporation;Built on Mon_Oct_24_19:12:58_PDT_2022;Cuda compilation tools, release 12.0, V12.0.76;Build cuda_12.0.r12.0/compiler.31968024_0
CUDA compiler flags:-std=c++17;--generate-code=arch=compute_50,code=sm_50;--generate-code=arch=compute_52,code=sm_52;--generate-code=arch=compute_60,code=sm_60;--generate-code=arch=compute_61,code=sm_61;--generate-code=arch=compute_70,code=sm_70;--generate-code=arch=compute_75,code=sm_75;--generate-code=arch=compute_80,code=sm_80;--generate-code=arch=compute_86,code=sm_86;--generate-code=arch=compute_89,code=sm_89;--generate-code=arch=compute_90,code=sm_90;-Wno-deprecated-gpu-targets;--generate-code=arch=compute_53,code=sm_53;--generate-code=arch=compute_80,code=sm_80;-use_fast_math;-D_FORCE_INLINES;-mavx512f -mfma -mavx512vl -mavx512dq -mavx512bw -Wno-missing-field-initializers -fexcess-precision=fast -funroll-all-loops -fopenmp -O3 -DNDEBUG
CUDA driver:        12.0
CUDA runtime:       12.0


Running on 1 node with total 36 cores, 72 processing units, 2 compatible GPUs
Hardware detected:
  CPU info:
    Vendor: Intel
    Brand:  Intel(R) Xeon(R) Platinum 8124M CPU @ 3.00GHz
    Family: 6   Model: 85   Stepping: 4
    Features: aes apic avx avx2 avx512f avx512cd avx512bw avx512vl avx512secondFMA clfsh cmov cx8 cx16 f16c fma hle htt intel lahf mmx msr nonstop_tsc pcid pclmuldq pdcm pdpe1gb popcnt pse rdrnd rdtscp rtm sse2 sse3 sse4.1 sse4.2 ssse3 tdt x2apic
    Number of AVX-512 FMA units: 2
  Hardware topology: Basic
    Packages, cores, and logical processors:
    [indices refer to OS logical processors]
      Package  0: [   0  36] [   1  37] [   2  38] [   3  39] [   4  40] [   5  41] [   6  42] [   7  43] [   8  44] [   9  45] [  10  46] [  11  47] [  12  48] [  13  49] [  14  50] [  15  51] [  16  52] [  17  53]
      Package  1: [  18  54] [  19  55] [  20  56] [  21  57] [  22  58] [  23  59] [  24  60] [  25  61] [  26  62] [  27  63] [  28  64] [  29  65] [  30  66] [  31  67] [  32  68] [  33  69] [  34  70] [  35  71]
    CPU limit set by OS: -1   Recommended max number of threads: 72
  GPU info:
    Number of GPUs detected: 2
    #0: NVIDIA NVIDIA GeForce RTX 3090, compute cap.: 8.6, ECC:  no, stat: compatible
    #1: NVIDIA NVIDIA GeForce RTX 3090, compute cap.: 8.6, ECC:  no, stat: compatible


++++ PLEASE READ AND CITE THE FOLLOWING REFERENCE ++++
M. J. Abraham, T. Murtola, R. Schulz, S. Páll, J. C. Smith, B. Hess, E.
Lindahl
GROMACS: High performance molecular simulations through multi-level
parallelism from laptops to supercomputers
SoftwareX 1 (2015) pp. 19-25
-------- -------- --- Thank You --- -------- --------


++++ PLEASE READ AND CITE THE FOLLOWING REFERENCE ++++
S. Páll, M. J. Abraham, C. Kutzner, B. Hess, E. Lindahl
Tackling Exascale Software Challenges in Molecular Dynamics Simulations with
GROMACS
In S. Markidis & E. Laure (Eds.), Solving Software Challenges for Exascale 8759 (2015) pp. 3-27
-------- -------- --- Thank You --- -------- --------


++++ PLEASE READ AND CITE THE FOLLOWING REFERENCE ++++
S. Pronk, S. Páll, R. Schulz, P. Larsson, P. Bjelkmar, R. Apostolov, M. R.
Shirts, J. C. Smith, P. M. Kasson, D. van der Spoel, B. Hess, and E. Lindahl
GROMACS 4.5: a high-throughput and highly parallel open source molecular
simulation toolkit
Bioinformatics 29 (2013) pp. 845-54
-------- -------- --- Thank You --- -------- --------


++++ PLEASE READ AND CITE THE FOLLOWING REFERENCE ++++
B. Hess and C. Kutzner and D. van der Spoel and E. Lindahl
GROMACS 4: Algorithms for highly efficient, load-balanced, and scalable
molecular simulation
J. Chem. Theory Comput. 4 (2008) pp. 435-447
-------- -------- --- Thank You --- -------- --------


++++ PLEASE READ AND CITE THE FOLLOWING REFERENCE ++++
D. van der Spoel, E. Lindahl, B. Hess, G. Groenhof, A. E. Mark and H. J. C.
Berendsen
GROMACS: Fast, Flexible and Free
J. Comp. Chem. 26 (2005) pp. 1701-1719
-------- -------- --- Thank You --- -------- --------


++++ PLEASE READ AND CITE THE FOLLOWING REFERENCE ++++
E. Lindahl and B. Hess and D. van der Spoel
GROMACS 3.0: A package for molecular simulation and trajectory analysis
J. Mol. Mod. 7 (2001) pp. 306-317
-------- -------- --- Thank You --- -------- --------


++++ PLEASE READ AND CITE THE FOLLOWING REFERENCE ++++
H. J. C. Berendsen, D. van der Spoel and R. van Drunen
GROMACS: A message-passing parallel molecular dynamics implementation
Comp. Phys. Comm. 91 (1995) pp. 43-56
-------- -------- --- Thank You --- -------- --------


++++ PLEASE CITE THE DOI FOR THIS VERSION OF GROMACS ++++
https://doi.org/10.5281/zenodo.7323393
-------- -------- --- Thank You --- -------- --------

Input Parameters:
   integrator                     = md
   tinit                          = 0
   dt                             = 0.02
   nsteps                         = 500000
   init-step                      = 0
   simulation-part                = 1
   mts                            = false
   comm-mode                      = Linear
   nstcomm                        = 2000
   bd-fric                        = 0
   ld-seed                        = -70255105
   emtol                          = 10
   emstep                         = 0.01
   niter                          = 20
   fcstep                         = 0
   nstcgsteep                     = 1000
   nbfgscorr                      = 10
   rtpi                           = 0.05
   nstxout                        = 0
   nstvout                        = 0
   nstfout                        = 0
   nstlog                         = 10000
   nstcalcenergy                  = 100
   nstenergy                      = 10000
   nstxout-compressed             = 50000
   compressed-x-precision         = 100
   cutoff-scheme                  = Verlet
   nstlist                        = 10
   pbc                            = xyz
   periodic-molecules             = false
   verlet-buffer-tolerance        = 0.005
   rlist                          = 1.219
   coulombtype                    = PME
   coulomb-modifier               = Potential-shift
   rcoulomb-switch                = 0
   rcoulomb                       = 1.2
   epsilon-r                      = 2.5
   epsilon-rf                     = inf
   vdw-type                       = Cut-off
   vdw-modifier                   = Potential-shift
   rvdw-switch                    = 0.9
   rvdw                           = 1.2
   DispCorr                       = No
   table-extension                = 1
   fourierspacing                 = 0.12
   fourier-nx                     = 80
   fourier-ny                     = 80
   fourier-nz                     = 100
   pme-order                      = 4
   ewald-rtol                     = 1e-05
   ewald-rtol-lj                  = 0.001
   lj-pme-comb-rule               = Geometric
   ewald-geometry                 = 3d
   epsilon-surface                = 0
   tcoupl                         = V-rescale
   nsttcouple                     = 10
   nh-chain-length                = 0
   print-nose-hoover-chain-variables = false
   pcoupl                         = Parrinello-Rahman
   pcoupltype                     = Semiisotropic
   nstpcouple                     = 10
   tau-p                          = 12
   compressibility (3x3):
      compressibility[    0]={ 3.00000e-04,  0.00000e+00,  0.00000e+00}
      compressibility[    1]={ 0.00000e+00,  3.00000e-04,  0.00000e+00}
      compressibility[    2]={ 0.00000e+00,  0.00000e+00,  3.00000e-04}
   ref-p (3x3):
      ref-p[    0]={ 1.00000e+00,  0.00000e+00,  0.00000e+00}
      ref-p[    1]={ 0.00000e+00,  1.00000e+00,  0.00000e+00}
      ref-p[    2]={ 0.00000e+00,  0.00000e+00,  1.00000e+00}
   refcoord-scaling               = All
   posres-com (3):
      posres-com[0]= 0.00000e+00
      posres-com[1]= 0.00000e+00
      posres-com[2]= 0.00000e+00
   posres-comB (3):
      posres-comB[0]= 0.00000e+00
      posres-comB[1]= 0.00000e+00
      posres-comB[2]= 0.00000e+00
   QMMM                           = false
qm-opts:
   ngQM                           = 0
   constraint-algorithm           = Lincs
   continuation                   = false
   Shake-SOR                      = false
   shake-tol                      = 0.0001
   lincs-order                    = 4
   lincs-iter                     = 1
   lincs-warnangle                = 30
   nwall                          = 0
   wall-type                      = 9-3
   wall-r-linpot                  = -1
   wall-atomtype[0]               = -1
   wall-atomtype[1]               = -1
   wall-density[0]                = 0
   wall-density[1]                = 0
   wall-ewald-zfac                = 3
   pull                           = true
   pull-cylinder-r                = 1.5
   pull-constr-tol                = 1e-06
   pull-print-COM                 = false
   pull-print-ref-value           = false
   pull-print-components          = false
   pull-nstxout                   = 50
   pull-nstfout                   = 50
   pull-pbc-ref-prev-step-com     = false
   pull-xout-average              = false
   pull-fout-average              = false
   pull-ngroups                   = 4
   pull-group 0:
     atom: not available
     weight: not available
     pbcatom                        = -1
   pull-group 1:
     atom (2):
        atom[0]=21783
        atom[1]=21784
     weight: not available
     pbcatom                        = 21783
   pull-group 2:
     atom (2):
        atom[0]=21785
        atom[1]=21786
     weight: not available
     pbcatom                        = 21785
   pull-group 3:
     atom (3864):
        atom[0,...,3863] = {0,...,3863}
     weight: not available
     pbcatom                        = -1
   pull-ncoords                   = 2
   pull-coord 0:
   type                           = umbrella
   geometry                       = distance
   group[0]                       = 1
   group[1]                       = 3
   dim (3):
      dim[0]=0
      dim[1]=0
      dim[2]=1
   origin (3):
      origin[0]= 0.00000e+00
      origin[1]= 0.00000e+00
      origin[2]= 0.00000e+00
   vec (3):
      vec[0]= 0.00000e+00
      vec[1]= 0.00000e+00
      vec[2]= 0.00000e+00
   start                          = true
   init                           = 3.04966
   rate                           = 0
   k                              = 2000
   kB                             = 2000
   pull-coord 1:
   type                           = umbrella
   geometry                       = distance
   group[0]                       = 2
   group[1]                       = 3
   dim (3):
      dim[0]=0
      dim[1]=0
      dim[2]=1
   origin (3):
      origin[0]= 0.00000e+00
      origin[1]= 0.00000e+00
      origin[2]= 0.00000e+00
   vec (3):
      vec[0]= 0.00000e+00
      vec[1]= 0.00000e+00
      vec[2]= 0.00000e+00
   start                          = true
   init                           = 3.87034
   rate                           = 0
   k                              = 2000
   kB                             = 2000
   awh                            = false
   rotation                       = false
   interactiveMD                  = false
   disre                          = No
   disre-weighting                = Conservative
   disre-mixed                    = false
   dr-fc                          = 1000
   dr-tau                         = 0
   nstdisreout                    = 100
   orire-fc                       = 0
   orire-tau                      = 0
   nstorireout                    = 100
   free-energy                    = no
   cos-acceleration               = 0
   deform (3x3):
      deform[    0]={ 0.00000e+00,  0.00000e+00,  0.00000e+00}
      deform[    1]={ 0.00000e+00,  0.00000e+00,  0.00000e+00}
      deform[    2]={ 0.00000e+00,  0.00000e+00,  0.00000e+00}
   simulated-tempering            = false
   swapcoords                     = no
   userint1                       = 0
   userint2                       = 0
   userint3                       = 0
   userint4                       = 0
   userreal1                      = 0
   userreal2                      = 0
   userreal3                      = 0
   userreal4                      = 0
   applied-forces:
     electric-field:
       x:
         E0                       = 0
         omega                    = 0
         t0                       = 0
         sigma                    = 0
       y:
         E0                       = 0
         omega                    = 0
         t0                       = 0
         sigma                    = 0
       z:
         E0                       = 0
         omega                    = 0
         t0                       = 0
         sigma                    = 0
     density-guided-simulation:
       active                     = false
       group                      = protein
       similarity-measure         = inner-product
       atom-spreading-weight      = unity
       force-constant             = 1e+09
       gaussian-transform-spreading-width = 0.2
       gaussian-transform-spreading-range-in-multiples-of-width = 4
       reference-density-filename = reference.mrc
       nst                        = 1
       normalize-densities        = true
       adaptive-force-scaling     = false
       adaptive-force-scaling-time-constant = 4
       shift-vector               = 
       transformation-matrix      = 
     qmmm-cp2k:
       active                     = false
       qmgroup                    = System
       qmmethod                   = PBE
       qmfilenames                = 
       qmcharge                   = 0
       qmmultiplicity             = 1
grpopts:
   nrdf:     42016.6     10583.4
   ref-t:      310.15      310.15
   tau-t:           1           1
annealing:          No          No
annealing-npoints:           0           0
   acc:	           0           0           0
   nfreeze:           N           N           N
   energygrp-flags[  0]: 0

Changing nstlist from 10 to 25, rlist from 1.219 to 1.353

When checking whether update groups are usable:
  Domain decomposition is not active, so there is no need for update groups
  At least one moleculetype does not conform to the requirements for using update groups
1 GPU selected for this run.
Mapping of GPU IDs to the 2 GPU tasks in the 1 rank on this node:
  PP:0,PME:0
PP tasks will do (non-perturbed) short-ranged interactions on the GPU
PP task will update and constrain coordinates on the CPU
PME tasks will do all aspects on the GPU
Using 1 MPI thread
Using 1 OpenMP thread 


NOTE: Thread affinity was not set.
System total charge: 0.000
Will do PME sum in reciprocal space for electrostatic interactions.

++++ PLEASE READ AND CITE THE FOLLOWING REFERENCE ++++
U. Essmann, L. Perera, M. L. Berkowitz, T. Darden, H. Lee and L. G. Pedersen 
A smooth particle mesh Ewald method
J. Chem. Phys. 103 (1995) pp. 8577-8592
-------- -------- --- Thank You --- -------- --------

Using a Gaussian width (1/beta) of 0.384195 nm for Ewald
Potential shift: LJ r^-12: -1.122e-01 r^-6: -3.349e-01, Ewald -8.333e-06
Initialized non-bonded Coulomb Ewald tables, spacing: 1.02e-03 size: 1176



Using GPU 8x8 nonbonded short-range kernels

Using a dual 8x8 pair-list setup updated with dynamic, rolling pruning:
  outer list: updated every 25 steps, buffer 0.153 nm, rlist 1.353 nm
  inner list: updated every  6 steps, buffer 0.004 nm, rlist 1.204 nm
At tolerance 0.005 kJ/mol/ps per atom, equivalent classical 1x1 list would be:
  outer list: updated every 25 steps, buffer 0.316 nm, rlist 1.516 nm
  inner list: updated every  6 steps, buffer 0.055 nm, rlist 1.255 nm

Using full Lennard-Jones parameter combination matrix
Removing pbc first time

Will apply potential COM pulling
with 2 pull coordinates and 3 groups
Cosine weighting is used for group 3

++++ PLEASE READ AND CITE THE FOLLOWING REFERENCE ++++
O. Engin, A. Villa, M. Sayar and B. Hess
Driving Forces for Adsorption of Amphiphilic Peptides to Air-Water Interface
J. Phys. Chem. B 114 (2010) pp. 11093
-------- -------- --- Thank You --- -------- --------

Pull group 1:     2 atoms, mass   144.000
Pull group 2:     2 atoms, mass   144.000
Pull group 3:  3864 atoms, mass 246456.000, cosine weighting will be used

Initializing LINear Constraint Solver

++++ PLEASE READ AND CITE THE FOLLOWING REFERENCE ++++
B. Hess
P-LINCS: A Parallel Linear Constraint Solver for molecular simulation
J. Chem. Theory Comput. 4 (2008) pp. 116-122
-------- -------- --- Thank You --- -------- --------

The number of constraints is 12758
840 constraints are involved in constraint triangles,
will apply an additional matrix expansion of order 4 for couplings
between constraints inside triangles

++++ PLEASE READ AND CITE THE FOLLOWING REFERENCE ++++
G. Bussi, D. Donadio and M. Parrinello
Canonical sampling through velocity rescaling
J. Chem. Phys. 126 (2007) pp. 014101
-------- -------- --- Thank You --- -------- --------

There are: 21787 Atoms

Constraining the starting coordinates (step 0)

Constraining the coordinates at t0-dt (step 0)
Center of mass motion removal mode is Linear
We have the following groups for center of mass motion removal:
  0:  rest
RMS relative constraint deviation after constraining: 1.75e-05
Initial temperature: 0.00794463 K

Started mdrun on rank 0 Sun Apr  2 00:11:58 2023

           Step           Time
              0        0.00000

   Energies (kJ/mol)
           Bond       G96Angle  Improper Dih.        LJ (SR)   Coulomb (SR)
    9.00931e+03    2.33933e+04    6.69608e+03   -2.15505e+05   -1.27781e+05
   Coul. recip.   COM Pull En.      Potential    Kinetic En.   Total Energy
    6.63042e+03    1.75784e-09   -2.97557e+05    1.92100e+03   -2.95636e+05
  Conserved En.    Temperature Pressure (bar)   Constr. rmsd
   -2.95573e+05    8.78491e+00   -2.96139e+02    2.03167e-04

step 1300: timed with pme grid 80 80 100, coulomb cutoff 1.200: 216.8 M-cycles
step 1350: timed with pme grid 72 72 96, coulomb cutoff 1.310: 176.9 M-cycles
step 1400: timed with pme grid 64 64 80, coulomb cutoff 1.474: 182.4 M-cycles
step 1450: timed with pme grid 60 60 72, coulomb cutoff 1.629: 245.9 M-cycles
step 1500: timed with pme grid 60 60 80, coulomb cutoff 1.572: 231.1 M-cycles
step 1550: timed with pme grid 64 64 80, coulomb cutoff 1.474: 248.1 M-cycles
step 1600: timed with pme grid 72 72 80, coulomb cutoff 1.466: 269.0 M-cycles
step 1650: timed with pme grid 72 72 84, coulomb cutoff 1.396: 192.1 M-cycles
step 1700: timed with pme grid 72 72 96, coulomb cutoff 1.310: 274.4 M-cycles
step 1750: timed with pme grid 80 80 96, coulomb cutoff 1.222: 258.8 M-cycles
              optimal pme grid 72 72 96, coulomb cutoff 1.310
           Step           Time
          10000      200.00000

   Energies (kJ/mol)
           Bond       G96Angle  Improper Dih.        LJ (SR)   Coulomb (SR)
    8.67368e+03    2.36935e+04    6.73288e+03   -2.15797e+05   -1.26492e+05
   Coul. recip.   COM Pull En.      Potential    Kinetic En.   Total Energy
    4.77665e+03    6.37324e+00   -2.98406e+05    6.77596e+04   -2.30647e+05
  Conserved En.    Temperature Pressure (bar)   Constr. rmsd
   -2.92195e+05    3.09871e+02    1.38254e+01    2.81023e-04

           Step           Time
          20000      400.00000

   Energies (kJ/mol)
           Bond       G96Angle  Improper Dih.        LJ (SR)   Coulomb (SR)
    8.74902e+03    2.35398e+04    6.63288e+03   -2.16677e+05   -1.25943e+05
   Coul. recip.   COM Pull En.      Potential    Kinetic En.   Total Energy
    4.63566e+03    3.45569e+00   -2.99060e+05    6.73041e+04   -2.31756e+05
  Conserved En.    Temperature Pressure (bar)   Constr. rmsd
   -2.90800e+05    3.07788e+02    6.34718e+00    2.82212e-04

           Step           Time
          30000      600.00000

   Energies (kJ/mol)
           Bond       G96Angle  Improper Dih.        LJ (SR)   Coulomb (SR)
    8.71903e+03    2.35816e+04    6.73697e+03   -2.16991e+05   -1.25533e+05
   Coul. recip.   COM Pull En.      Potential    Kinetic En.   Total Energy
    4.67830e+03    4.15939e+00   -2.98804e+05    6.77260e+04   -2.31078e+05
  Conserved En.    Temperature Pressure (bar)   Constr. rmsd
   -2.89185e+05    3.09717e+02   -5.46956e+01    2.78679e-04

           Step           Time
          40000      800.00000

   Energies (kJ/mol)
           Bond       G96Angle  Improper Dih.        LJ (SR)   Coulomb (SR)
    8.79765e+03    2.33863e+04    6.59941e+03   -2.17246e+05   -1.26513e+05
   Coul. recip.   COM Pull En.      Potential    Kinetic En.   Total Energy
    4.64338e+03    1.22807e+00   -3.00331e+05    6.72039e+04   -2.33127e+05
  Conserved En.    Temperature Pressure (bar)   Constr. rmsd
   -2.87500e+05    3.07330e+02    5.93287e+01    2.80063e-04

           Step           Time
          50000     1000.00000

   Energies (kJ/mol)
           Bond       G96Angle  Improper Dih.        LJ (SR)   Coulomb (SR)
    9.14198e+03    2.40499e+04    6.88028e+03   -2.17434e+05   -1.26241e+05
   Coul. recip.   COM Pull En.      Potential    Kinetic En.   Total Energy
    4.65260e+03    6.20074e+00   -2.98943e+05    6.80779e+04   -2.30865e+05
  Conserved En.    Temperature Pressure (bar)   Constr. rmsd
   -2.85728e+05    3.11327e+02    5.66214e+01    2.78614e-04

           Step           Time
          60000     1200.00000

   Energies (kJ/mol)
           Bond       G96Angle  Improper Dih.        LJ (SR)   Coulomb (SR)
    8.81302e+03    2.36832e+04    6.69802e+03   -2.16949e+05   -1.25444e+05
   Coul. recip.   COM Pull En.      Potential    Kinetic En.   Total Energy
    4.60757e+03    5.12108e-01   -2.98591e+05    6.76620e+04   -2.30929e+05
  Conserved En.    Temperature Pressure (bar)   Constr. rmsd
   -2.84170e+05    3.09425e+02   -1.00141e+01    2.76417e-04

           Step           Time
          70000     1400.00000

   Energies (kJ/mol)
           Bond       G96Angle  Improper Dih.        LJ (SR)   Coulomb (SR)
    8.73291e+03    2.37191e+04    6.78366e+03   -2.16224e+05   -1.25675e+05
   Coul. recip.   COM Pull En.      Potential    Kinetic En.   Total Energy
    4.68078e+03    2.69986e+00   -2.97980e+05    6.75249e+04   -2.30455e+05
  Conserved En.    Temperature Pressure (bar)   Constr. rmsd
   -2.82769e+05    3.08798e+02   -4.40205e+01    2.80568e-04

           Step           Time
          80000     1600.00000

   Energies (kJ/mol)
           Bond       G96Angle  Improper Dih.        LJ (SR)   Coulomb (SR)
    8.72464e+03    2.37954e+04    6.72501e+03   -2.16040e+05   -1.26995e+05
   Coul. recip.   COM Pull En.      Potential    Kinetic En.   Total Energy
    4.52541e+03    3.44400e+00   -2.99261e+05    6.75710e+04   -2.31690e+05
  Conserved En.    Temperature Pressure (bar)   Constr. rmsd
   -2.81307e+05    3.09008e+02   -1.70305e+01    2.82725e-04

           Step           Time
          90000     1800.00000

   Energies (kJ/mol)
           Bond       G96Angle  Improper Dih.        LJ (SR)   Coulomb (SR)
    9.05963e+03    2.36503e+04    6.61641e+03   -2.16679e+05   -1.26143e+05
   Coul. recip.   COM Pull En.      Potential    Kinetic En.   Total Energy
    4.71080e+03    5.96031e+00   -2.98778e+05    6.80755e+04   -2.30703e+05
  Conserved En.    Temperature Pressure (bar)   Constr. rmsd
   -2.79810e+05    3.11316e+02    3.14704e+00    2.76904e-04

           Step           Time
         100000     2000.00000

   Energies (kJ/mol)
           Bond       G96Angle  Improper Dih.        LJ (SR)   Coulomb (SR)
    8.74706e+03    2.35995e+04    6.79310e+03   -2.15959e+05   -1.26183e+05
   Coul. recip.   COM Pull En.      Potential    Kinetic En.   Total Energy
    4.58587e+03    1.81611e+00   -2.98415e+05    6.83934e+04   -2.30022e+05
  Conserved En.    Temperature Pressure (bar)   Constr. rmsd
   -2.78223e+05    3.12769e+02   -1.74130e+01    2.86598e-04

           Step           Time
         110000     2200.00000

   Energies (kJ/mol)
           Bond       G96Angle  Improper Dih.        LJ (SR)   Coulomb (SR)
    8.74866e+03    2.34888e+04    6.85715e+03   -2.16400e+05   -1.25249e+05
   Coul. recip.   COM Pull En.      Potential    Kinetic En.   Total Energy
    4.75268e+03    2.79235e+00   -2.97799e+05    6.82521e+04   -2.29547e+05
  Conserved En.    Temperature Pressure (bar)   Constr. rmsd
   -2.76759e+05    3.12123e+02    1.58137e+01    2.79673e-04

           Step           Time
         120000     2400.00000

   Energies (kJ/mol)
           Bond       G96Angle  Improper Dih.        LJ (SR)   Coulomb (SR)
    8.81110e+03    2.34805e+04    6.68714e+03   -2.15610e+05   -1.26577e+05
   Coul. recip.   COM Pull En.      Potential    Kinetic En.   Total Energy
    4.63601e+03    2.80732e+00   -2.98570e+05    6.83856e+04   -2.30184e+05
  Conserved En.    Temperature Pressure (bar)   Constr. rmsd
   -2.75122e+05    3.12734e+02    5.90479e+01    2.88366e-04

           Step           Time
         130000     2600.00000

   Energies (kJ/mol)
           Bond       G96Angle  Improper Dih.        LJ (SR)   Coulomb (SR)
    8.75884e+03    2.35119e+04    6.76518e+03   -2.16250e+05   -1.26012e+05
   Coul. recip.   COM Pull En.      Potential    Kinetic En.   Total Energy
    4.56209e+03    4.56546e+00   -2.98659e+05    6.76184e+04   -2.31041e+05
  Conserved En.    Temperature Pressure (bar)   Constr. rmsd
   -2.73311e+05    3.09225e+02   -5.02508e+00    2.78411e-04

           Step           Time
         140000     2800.00000

   Energies (kJ/mol)
           Bond       G96Angle  Improper Dih.        LJ (SR)   Coulomb (SR)
    8.89418e+03    2.36386e+04    6.64633e+03   -2.16496e+05   -1.26427e+05
   Coul. recip.   COM Pull En.      Potential    Kinetic En.   Total Energy
    4.56716e+03    4.69615e-01   -2.99176e+05    6.84573e+04   -2.30718e+05
  Conserved En.    Temperature Pressure (bar)   Constr. rmsd
   -2.71686e+05    3.13062e+02   -1.00926e+00    2.83284e-04

           Step           Time
         150000     3000.00000

   Energies (kJ/mol)
           Bond       G96Angle  Improper Dih.        LJ (SR)   Coulomb (SR)
    8.58527e+03    2.36440e+04    6.82819e+03   -2.16301e+05   -1.25615e+05
   Coul. recip.   COM Pull En.      Potential    Kinetic En.   Total Energy
    4.68239e+03    1.92597e-01   -2.98175e+05    6.72455e+04   -2.30930e+05
  Conserved En.    Temperature Pressure (bar)   Constr. rmsd
   -2.70134e+05    3.07520e+02   -2.84261e+01    2.76166e-04

           Step           Time
         160000     3200.00000

   Energies (kJ/mol)
           Bond       G96Angle  Improper Dih.        LJ (SR)   Coulomb (SR)
    9.07258e+03    2.36438e+04    6.64581e+03   -2.15937e+05   -1.26415e+05
   Coul. recip.   COM Pull En.      Potential    Kinetic En.   Total Energy
    4.69381e+03    3.34756e+00   -2.98292e+05    6.79360e+04   -2.30356e+05
  Conserved En.    Temperature Pressure (bar)   Constr. rmsd
   -2.68286e+05    3.10678e+02   -3.15736e+01    2.83448e-04

           Step           Time
         170000     3400.00000

   Energies (kJ/mol)
           Bond       G96Angle  Improper Dih.        LJ (SR)   Coulomb (SR)
    8.59546e+03    2.33836e+04    6.79433e+03   -2.15050e+05   -1.25531e+05
   Coul. recip.   COM Pull En.      Potential    Kinetic En.   Total Energy
    4.68583e+03    4.06323e+00   -2.97118e+05    6.78185e+04   -2.29299e+05
  Conserved En.    Temperature Pressure (bar)   Constr. rmsd
   -2.66661e+05    3.10140e+02    4.53194e+01    2.82071e-04

           Step           Time
         180000     3600.00000

   Energies (kJ/mol)
           Bond       G96Angle  Improper Dih.        LJ (SR)   Coulomb (SR)
    9.26495e+03    2.32093e+04    6.66377e+03   -2.16019e+05   -1.24806e+05
   Coul. recip.   COM Pull En.      Potential    Kinetic En.   Total Energy
    4.65749e+03    4.05806e-01   -2.97028e+05    6.87189e+04   -2.28309e+05
  Conserved En.    Temperature Pressure (bar)   Constr. rmsd
   -2.64810e+05    3.14258e+02    4.83846e+01    2.83768e-04

           Step           Time
         190000     3800.00000

   Energies (kJ/mol)
           Bond       G96Angle  Improper Dih.        LJ (SR)   Coulomb (SR)
    9.00380e+03    2.35981e+04    6.49710e+03   -2.15757e+05   -1.25959e+05
   Coul. recip.   COM Pull En.      Potential    Kinetic En.   Total Energy
    4.67413e+03    1.38413e+00   -2.97942e+05    6.78514e+04   -2.30090e+05
  Conserved En.    Temperature Pressure (bar)   Constr. rmsd
   -2.63047e+05    3.10291e+02    6.25510e+01    2.83993e-04

Writing checkpoint, step 193725 at Sun Apr  2 00:26:58 2023


           Step           Time
         200000     4000.00000

   Energies (kJ/mol)
           Bond       G96Angle  Improper Dih.        LJ (SR)   Coulomb (SR)
    8.94137e+03    2.41219e+04    6.77348e+03   -2.15866e+05   -1.26865e+05
   Coul. recip.   COM Pull En.      Potential    Kinetic En.   Total Energy
    4.55969e+03    6.81437e-01   -2.98333e+05    6.85401e+04   -2.29793e+05
  Conserved En.    Temperature Pressure (bar)   Constr. rmsd
   -2.61451e+05    3.13440e+02    8.27363e+00    2.84326e-04

           Step           Time
         210000     4200.00000

   Energies (kJ/mol)
           Bond       G96Angle  Improper Dih.        LJ (SR)   Coulomb (SR)
    9.05701e+03    2.36740e+04    6.60508e+03   -2.15348e+05   -1.25741e+05
   Coul. recip.   COM Pull En.      Potential    Kinetic En.   Total Energy
    4.63992e+03    2.97279e-01   -2.97112e+05    6.82401e+04   -2.28872e+05
  Conserved En.    Temperature Pressure (bar)   Constr. rmsd
   -2.59896e+05    3.12068e+02    1.39117e+01    2.83135e-04

           Step           Time
         220000     4400.00000

   Energies (kJ/mol)
           Bond       G96Angle  Improper Dih.        LJ (SR)   Coulomb (SR)
    8.88329e+03    2.37466e+04    6.73597e+03   -2.16278e+05   -1.26210e+05
   Coul. recip.   COM Pull En.      Potential    Kinetic En.   Total Energy
    4.69947e+03    4.99109e+00   -2.98418e+05    6.84356e+04   -2.29982e+05
  Conserved En.    Temperature Pressure (bar)   Constr. rmsd
   -2.58029e+05    3.12962e+02    9.62634e+01    2.83110e-04

           Step           Time
         230000     4600.00000

   Energies (kJ/mol)
           Bond       G96Angle  Improper Dih.        LJ (SR)   Coulomb (SR)
    9.06458e+03    2.34996e+04    6.72668e+03   -2.15876e+05   -1.25749e+05
   Coul. recip.   COM Pull En.      Potential    Kinetic En.   Total Energy
    4.73971e+03    1.44441e+00   -2.97594e+05    6.78475e+04   -2.29746e+05
  Conserved En.    Temperature Pressure (bar)   Constr. rmsd
   -2.56201e+05    3.10273e+02    1.40015e+02    2.85114e-04

           Step           Time
         240000     4800.00000

   Energies (kJ/mol)
           Bond       G96Angle  Improper Dih.        LJ (SR)   Coulomb (SR)
    8.87248e+03    2.33018e+04    6.72082e+03   -2.16451e+05   -1.25122e+05
   Coul. recip.   COM Pull En.      Potential    Kinetic En.   Total Energy
    4.70829e+03    4.34388e-01   -2.97969e+05    6.75494e+04   -2.30419e+05
  Conserved En.    Temperature Pressure (bar)   Constr. rmsd
   -2.54489e+05    3.08910e+02   -1.66107e+01    2.82239e-04

           Step           Time
         250000     5000.00000

   Energies (kJ/mol)
           Bond       G96Angle  Improper Dih.        LJ (SR)   Coulomb (SR)
    8.96617e+03    2.30984e+04    6.72379e+03   -2.16432e+05   -1.24249e+05
   Coul. recip.   COM Pull En.      Potential    Kinetic En.   Total Energy
    4.62728e+03    3.34838e+00   -2.97262e+05    6.79406e+04   -2.29322e+05
  Conserved En.    Temperature Pressure (bar)   Constr. rmsd
   -2.52938e+05    3.10699e+02   -2.30453e+01    2.85686e-04

           Step           Time
         260000     5200.00000

   Energies (kJ/mol)
           Bond       G96Angle  Improper Dih.        LJ (SR)   Coulomb (SR)
    8.55352e+03    2.32366e+04    6.80223e+03   -2.16721e+05   -1.24955e+05
   Coul. recip.   COM Pull En.      Potential    Kinetic En.   Total Energy
    4.68221e+03    4.40968e+00   -2.98397e+05    6.75583e+04   -2.30839e+05
  Conserved En.    Temperature Pressure (bar)   Constr. rmsd
   -2.51636e+05    3.08950e+02   -8.18016e+01    2.84054e-04

           Step           Time
         270000     5400.00000

   Energies (kJ/mol)
           Bond       G96Angle  Improper Dih.        LJ (SR)   Coulomb (SR)
    8.95475e+03    2.34884e+04    6.64652e+03   -2.17226e+05   -1.25307e+05
   Coul. recip.   COM Pull En.      Potential    Kinetic En.   Total Energy
    4.68844e+03    5.02451e+00   -2.98749e+05    6.67825e+04   -2.31967e+05
  Conserved En.    Temperature Pressure (bar)   Constr. rmsd
   -2.50187e+05    3.05402e+02   -9.77784e+01    2.71592e-04

           Step           Time
         280000     5600.00000

   Energies (kJ/mol)
           Bond       G96Angle  Improper Dih.        LJ (SR)   Coulomb (SR)
    8.80191e+03    2.37927e+04    6.75989e+03   -2.15865e+05   -1.25585e+05
   Coul. recip.   COM Pull En.      Potential    Kinetic En.   Total Energy
    4.54439e+03    3.95171e+00   -2.97547e+05    6.81349e+04   -2.29412e+05
  Conserved En.    Temperature Pressure (bar)   Constr. rmsd
   -2.48590e+05    3.11587e+02   -1.95536e+01    2.75685e-04

           Step           Time
         290000     5800.00000

   Energies (kJ/mol)
           Bond       G96Angle  Improper Dih.        LJ (SR)   Coulomb (SR)
    8.88179e+03    2.34900e+04    6.74059e+03   -2.16324e+05   -1.25299e+05
   Coul. recip.   COM Pull En.      Potential    Kinetic En.   Total Energy
    4.55731e+03    2.57185e+00   -2.97950e+05    6.82588e+04   -2.29691e+05
  Conserved En.    Temperature Pressure (bar)   Constr. rmsd
   -2.46949e+05    3.12154e+02    5.14067e+01    2.80961e-04

           Step           Time
         300000     6000.00000

   Energies (kJ/mol)
           Bond       G96Angle  Improper Dih.        LJ (SR)   Coulomb (SR)
    8.63990e+03    2.33086e+04    6.75984e+03   -2.16579e+05   -1.24533e+05
   Coul. recip.   COM Pull En.      Potential    Kinetic En.   Total Energy
    4.60228e+03    1.10030e+00   -2.97800e+05    6.76082e+04   -2.30192e+05
  Conserved En.    Temperature Pressure (bar)   Constr. rmsd
   -2.45500e+05    3.09179e+02   -6.38340e+01    2.76949e-04

           Step           Time
         310000     6200.00000

   Energies (kJ/mol)
           Bond       G96Angle  Improper Dih.        LJ (SR)   Coulomb (SR)
    8.79965e+03    2.33590e+04    6.60680e+03   -2.16033e+05   -1.25665e+05
   Coul. recip.   COM Pull En.      Potential    Kinetic En.   Total Energy
    4.60147e+03    3.28628e+00   -2.98328e+05    6.74774e+04   -2.30851e+05
  Conserved En.    Temperature Pressure (bar)   Constr. rmsd
   -2.43766e+05    3.08580e+02   -1.19066e+01    2.86574e-04

           Step           Time
         320000     6400.00000

   Energies (kJ/mol)
           Bond       G96Angle  Improper Dih.        LJ (SR)   Coulomb (SR)
    8.71296e+03    2.35001e+04    6.71559e+03   -2.16058e+05   -1.26461e+05
   Coul. recip.   COM Pull En.      Potential    Kinetic En.   Total Energy
    4.59610e+03    2.17837e+00   -2.98993e+05    6.79059e+04   -2.31087e+05
  Conserved En.    Temperature Pressure (bar)   Constr. rmsd
   -2.41942e+05    3.10540e+02   -4.85339e+01    2.84478e-04

           Step           Time
         330000     6600.00000

   Energies (kJ/mol)
           Bond       G96Angle  Improper Dih.        LJ (SR)   Coulomb (SR)
    8.64744e+03    2.33666e+04    6.84496e+03   -2.16115e+05   -1.25525e+05
   Coul. recip.   COM Pull En.      Potential    Kinetic En.   Total Energy
    4.59334e+03    3.15299e+00   -2.98185e+05    6.78706e+04   -2.30314e+05
  Conserved En.    Temperature Pressure (bar)   Constr. rmsd
   -2.40534e+05    3.10378e+02   -2.67407e+01    2.81082e-04

           Step           Time
         340000     6800.00000

   Energies (kJ/mol)
           Bond       G96Angle  Improper Dih.        LJ (SR)   Coulomb (SR)
    8.90325e+03    2.30901e+04    6.59604e+03   -2.15766e+05   -1.24945e+05
   Coul. recip.   COM Pull En.      Potential    Kinetic En.   Total Energy
    4.71507e+03    4.71592e+00   -2.97401e+05    6.83752e+04   -2.29026e+05
  Conserved En.    Temperature Pressure (bar)   Constr. rmsd
   -2.39157e+05    3.12686e+02    6.57663e+01    2.95331e-04

           Step           Time
         350000     7000.00000

   Energies (kJ/mol)
           Bond       G96Angle  Improper Dih.        LJ (SR)   Coulomb (SR)
    8.88162e+03    2.32150e+04    6.71881e+03   -2.15520e+05   -1.25751e+05
   Coul. recip.   COM Pull En.      Potential    Kinetic En.   Total Energy
    4.53711e+03    4.28708e-01   -2.97919e+05    6.80738e+04   -2.29845e+05
  Conserved En.    Temperature Pressure (bar)   Constr. rmsd
   -2.37512e+05    3.11308e+02    1.03424e+02    2.84170e-04

           Step           Time
         360000     7200.00000

   Energies (kJ/mol)
           Bond       G96Angle  Improper Dih.        LJ (SR)   Coulomb (SR)
    8.65330e+03    2.34806e+04    6.80524e+03   -2.15764e+05   -1.26473e+05
   Coul. recip.   COM Pull En.      Potential    Kinetic En.   Total Energy
    4.60248e+03    1.66290e+00   -2.98694e+05    6.69840e+04   -2.31710e+05
  Conserved En.    Temperature Pressure (bar)   Constr. rmsd
   -2.35879e+05    3.06324e+02   -8.70342e-01    2.79759e-04

           Step           Time
         370000     7400.00000

   Energies (kJ/mol)
           Bond       G96Angle  Improper Dih.        LJ (SR)   Coulomb (SR)
    8.70509e+03    2.34804e+04    6.66306e+03   -2.16103e+05   -1.25924e+05
   Coul. recip.   COM Pull En.      Potential    Kinetic En.   Total Energy
    4.59186e+03    3.31003e+00   -2.98583e+05    6.82219e+04   -2.30361e+05
  Conserved En.    Temperature Pressure (bar)   Constr. rmsd
   -2.34335e+05    3.11985e+02   -1.52326e+01    2.81241e-04

           Step           Time
         380000     7600.00000

   Energies (kJ/mol)
           Bond       G96Angle  Improper Dih.        LJ (SR)   Coulomb (SR)
    8.97597e+03    2.32191e+04    6.60176e+03   -2.15678e+05   -1.24782e+05
   Coul. recip.   COM Pull En.      Potential    Kinetic En.   Total Energy
    4.69306e+03    3.36465e+00   -2.96966e+05    6.78704e+04   -2.29096e+05
  Conserved En.    Temperature Pressure (bar)   Constr. rmsd
   -2.32800e+05    3.10378e+02   -2.78361e+01    2.85434e-04

Writing checkpoint, step 387400 at Sun Apr  2 00:41:58 2023


           Step           Time
         390000     7800.00000

   Energies (kJ/mol)
           Bond       G96Angle  Improper Dih.        LJ (SR)   Coulomb (SR)
    8.86105e+03    2.35795e+04    6.70438e+03   -2.17195e+05   -1.26396e+05
   Coul. recip.   COM Pull En.      Potential    Kinetic En.   Total Energy
    4.65173e+03    3.66048e+00   -2.99790e+05    6.77129e+04   -2.32077e+05
  Conserved En.    Temperature Pressure (bar)   Constr. rmsd
   -2.31100e+05    3.09657e+02   -2.78022e+01    2.88477e-04

           Step           Time
         400000     8000.00000

   Energies (kJ/mol)
           Bond       G96Angle  Improper Dih.        LJ (SR)   Coulomb (SR)
    8.58074e+03    2.31943e+04    6.76562e+03   -2.17412e+05   -1.24610e+05
   Coul. recip.   COM Pull En.      Potential    Kinetic En.   Total Energy
    4.60826e+03    2.39229e+00   -2.98871e+05    6.87842e+04   -2.30087e+05
  Conserved En.    Temperature Pressure (bar)   Constr. rmsd
   -2.29478e+05    3.14557e+02   -5.04402e+01    2.84526e-04

           Step           Time
         410000     8200.00000

   Energies (kJ/mol)
           Bond       G96Angle  Improper Dih.        LJ (SR)   Coulomb (SR)
    9.07363e+03    2.35727e+04    6.49215e+03   -2.17446e+05   -1.25393e+05
   Coul. recip.   COM Pull En.      Potential    Kinetic En.   Total Energy
    4.75056e+03    1.08655e+00   -2.98949e+05    6.92842e+04   -2.29665e+05
  Conserved En.    Temperature Pressure (bar)   Constr. rmsd
   -2.27872e+05    3.16843e+02   -2.71257e+01    2.91198e-04

           Step           Time
         420000     8400.00000

   Energies (kJ/mol)
           Bond       G96Angle  Improper Dih.        LJ (SR)   Coulomb (SR)
    8.70671e+03    2.37336e+04    6.83947e+03   -2.16597e+05   -1.25987e+05
   Coul. recip.   COM Pull En.      Potential    Kinetic En.   Total Energy
    4.52964e+03    3.34423e+00   -2.98771e+05    6.69361e+04   -2.31835e+05
  Conserved En.    Temperature Pressure (bar)   Constr. rmsd
   -2.26523e+05    3.06105e+02    5.62203e+01    2.75393e-04

           Step           Time
         430000     8600.00000

   Energies (kJ/mol)
           Bond       G96Angle  Improper Dih.        LJ (SR)   Coulomb (SR)
    8.72661e+03    2.36910e+04    6.56091e+03   -2.16442e+05   -1.26476e+05
   Coul. recip.   COM Pull En.      Potential    Kinetic En.   Total Energy
    4.72660e+03    2.49375e+00   -2.99211e+05    6.77949e+04   -2.31416e+05
  Conserved En.    Temperature Pressure (bar)   Constr. rmsd
   -2.24832e+05    3.10032e+02    1.71901e+01    2.85141e-04

           Step           Time
         440000     8800.00000

   Energies (kJ/mol)
           Bond       G96Angle  Improper Dih.        LJ (SR)   Coulomb (SR)
    8.76191e+03    2.35369e+04    6.77509e+03   -2.16798e+05   -1.25896e+05
   Coul. recip.   COM Pull En.      Potential    Kinetic En.   Total Energy
    4.58705e+03    1.01634e+00   -2.99032e+05    6.74248e+04   -2.31607e+05
  Conserved En.    Temperature Pressure (bar)   Constr. rmsd
   -2.23123e+05    3.08340e+02    2.66789e+00    2.82695e-04

           Step           Time
         450000     9000.00000

   Energies (kJ/mol)
           Bond       G96Angle  Improper Dih.        LJ (SR)   Coulomb (SR)
    8.72599e+03    2.34072e+04    6.83176e+03   -2.16112e+05   -1.25196e+05
   Coul. recip.   COM Pull En.      Potential    Kinetic En.   Total Energy
    4.66185e+03    1.17458e+00   -2.97680e+05    6.79879e+04   -2.29692e+05
  Conserved En.    Temperature Pressure (bar)   Constr. rmsd
   -2.21376e+05    3.10915e+02   -3.97269e+01    2.81303e-04

           Step           Time
         460000     9200.00000

   Energies (kJ/mol)
           Bond       G96Angle  Improper Dih.        LJ (SR)   Coulomb (SR)
    8.85990e+03    2.36969e+04    6.61739e+03   -2.16026e+05   -1.25451e+05
   Coul. recip.   COM Pull En.      Potential    Kinetic En.   Total Energy
    4.70192e+03    3.14587e+00   -2.97599e+05    6.81651e+04   -2.29433e+05
  Conserved En.    Temperature Pressure (bar)   Constr. rmsd
   -2.19689e+05    3.11725e+02   -8.91189e+01    2.88364e-04

           Step           Time
         470000     9400.00000

   Energies (kJ/mol)
           Bond       G96Angle  Improper Dih.        LJ (SR)   Coulomb (SR)
    8.66663e+03    2.32378e+04    6.79323e+03   -2.16178e+05   -1.25187e+05
   Coul. recip.   COM Pull En.      Potential    Kinetic En.   Total Energy
    4.57841e+03    1.56840e+00   -2.98088e+05    6.77275e+04   -2.30360e+05
  Conserved En.    Temperature Pressure (bar)   Constr. rmsd
   -2.18273e+05    3.09724e+02   -1.99527e+01    2.75427e-04

           Step           Time
         480000     9600.00000

   Energies (kJ/mol)
           Bond       G96Angle  Improper Dih.        LJ (SR)   Coulomb (SR)
    8.91948e+03    2.32856e+04    6.65130e+03   -2.16716e+05   -1.25910e+05
   Coul. recip.   COM Pull En.      Potential    Kinetic En.   Total Energy
    4.55587e+03    1.16149e+00   -2.99213e+05    6.84901e+04   -2.30723e+05
  Conserved En.    Temperature Pressure (bar)   Constr. rmsd
   -2.16878e+05    3.13212e+02   -2.31760e+01    2.84667e-04

           Step           Time
         490000     9800.00000

   Energies (kJ/mol)
           Bond       G96Angle  Improper Dih.        LJ (SR)   Coulomb (SR)
    8.91156e+03    2.38253e+04    6.74990e+03   -2.16431e+05   -1.27097e+05
   Coul. recip.   COM Pull En.      Potential    Kinetic En.   Total Energy
    4.64252e+03    4.91562e+00   -2.99394e+05    6.72381e+04   -2.32156e+05
  Conserved En.    Temperature Pressure (bar)   Constr. rmsd
   -2.15136e+05    3.07486e+02   -6.05559e+01    2.66714e-04

           Step           Time
         500000    10000.00000

Writing checkpoint, step 500000 at Sun Apr  2 00:50:36 2023


   Energies (kJ/mol)
           Bond       G96Angle  Improper Dih.        LJ (SR)   Coulomb (SR)
    9.22997e+03    2.33739e+04    6.69243e+03   -2.16688e+05   -1.25278e+05
   Coul. recip.   COM Pull En.      Potential    Kinetic En.   Total Energy
    4.68861e+03    4.06797e+00   -2.97978e+05    6.73359e+04   -2.30642e+05
  Conserved En.    Temperature Pressure (bar)   Constr. rmsd
   -2.13590e+05    3.07933e+02    2.55375e+01    2.85856e-04


Energy conservation over simulation part #1 of length 10000 ps, time 0 to 10000 ps
  Conserved energy drift: 3.76e-04 kJ/mol/ps per atom


	<======  ###############  ==>
	<====  A V E R A G E S  ====>
	<==  ###############  ======>

	Statistics over 500001 steps using 5001 frames

   Energies (kJ/mol)
           Bond       G96Angle  Improper Dih.        LJ (SR)   Coulomb (SR)
    8.84605e+03    2.35443e+04    6.70745e+03   -2.16323e+05   -1.25876e+05
   Coul. recip.   COM Pull En.      Potential    Kinetic En.   Total Energy
    4.64620e+03    2.53647e+00   -2.98453e+05    6.78147e+04   -2.30638e+05
  Conserved En.    Temperature Pressure (bar)   Constr. rmsd
   -2.53623e+05    3.10123e+02    1.19043e+00    0.00000e+00

          Box-X          Box-Y          Box-Z
    9.37699e+00    9.37699e+00    1.18610e+01

   Total Virial (kJ/mol)
    2.27450e+04   -8.10859e+01    1.46370e+01
   -8.10874e+01    2.27540e+04   -5.96946e+00
    1.46370e+01   -5.96726e+00    2.22124e+04

   Pressure (bar)
    1.15889e+00    2.61670e+00   -6.08791e-01
    2.61675e+00    9.51991e-01    3.08452e-01
   -6.08793e-01    3.08382e-01    1.46039e+00

       T-SOLUTE     T-MEMBRANE
    3.11008e+02    3.06610e+02


       P P   -   P M E   L O A D   B A L A N C I N G

 PP/PME load balancing changed the cut-off and PME settings:
           particle-particle                    PME
            rcoulomb  rlist            grid      spacing   1/beta
   initial  1.200 nm  1.204 nm      80  80 100   0.118 nm  0.384 nm
   final    1.310 nm  1.314 nm      72  72  96   0.131 nm  0.419 nm
 cost-ratio           1.30             0.78
 (note that these numbers concern only part of the total PP and PME load)


	M E G A - F L O P S   A C C O U N T I N G

 NB=Group-cutoff nonbonded kernels    NxN=N-by-N cluster Verlet kernels
 RF=Reaction-Field  VdW=Van der Waals  QSTab=quadratic-spline table
 W3=SPC/TIP3p  W4=TIP4p (single or pairs)
 V&F=Potential and force  V=Potential only  F=Force only

 Computing:                               M-Number         M-Flops  % Flops
-----------------------------------------------------------------------------
 Pair Search distance check           20612.457888      185512.121     0.0
 NxN Ewald Elec. + LJ [F]           5970610.882752   394060318.262    97.9
 NxN Ewald Elec. + LJ [V&F]           60322.694144     6454528.273     1.6
 Shift-X                                435.761787        2614.571     0.0
 Bonds                                 1765.003530      104135.208     0.0
 Angles                                3777.507555      634621.269     0.2
 Impropers                              756.001512      157248.314     0.0
 Virial                                1091.621832       19649.193     0.0
 Stop-CM                                  5.490324          54.903     0.0
 Calc-Ekin                             4357.443574      117650.976     0.0
 Lincs                                 6379.038274      382742.296     0.1
 Lincs-Mat                            49362.296172      197449.185     0.0
 Constraint-V                         12758.051032      114822.459     0.0
 Constraint-Vir                         637.912758       15309.906     0.0
-----------------------------------------------------------------------------
 Total                                               402446656.938   100.0
-----------------------------------------------------------------------------


     R E A L   C Y C L E   A N D   T I M E   A C C O U N T I N G

On 1 MPI rank

 Computing:          Num   Num      Call    Wall time         Giga-Cycles
                     Ranks Threads  Count      (s)         total sum    %
-----------------------------------------------------------------------------
 Neighbor search        1    1      20001     175.118        525.361   7.6
 Launch GPU ops.        1    1     500001     145.600        436.805   6.3
 Force                  1    1     500001     358.837       1076.526  15.5
 Wait PME GPU gather    1    1     500001     346.502       1039.519  14.9
 Reduce GPU PME F       1    1     500001      44.582        133.749   1.9
 Wait GPU NB local                            254.484        763.461  11.0
 NB X/F buffer ops.     1    1     980001     204.808        614.430   8.8
 COM pull force         1    1     500001      76.262        228.788   3.3
 Write traj.            1    1         13       0.220          0.660   0.0
 Update                 1    1     500001     114.237        342.716   4.9
 Constraints            1    1     500003     336.198       1008.608  14.5
 Rest                                         261.614        784.852  11.3
-----------------------------------------------------------------------------
 Total                                       2318.463       6955.474 100.0
-----------------------------------------------------------------------------

               Core t (s)   Wall t (s)        (%)
       Time:     2318.462     2318.463      100.0
                         38:38
                 (ns/day)    (hour/ns)
Performance:      372.662        0.064
Finished mdrun on rank 0 Sun Apr  2 00:50:37 2023

