                      :-) GROMACS - gmx mdrun, 2022.4 (-:

Copyright 1991-2022 The GROMACS Authors.
GROMACS is free software; you can redistribute it and/or modify it
under the terms of the GNU Lesser General Public License
as published by the Free Software Foundation; either version 2.1
of the License, or (at your option) any later version.

                         Current GROMACS contributors:
       Mark Abraham           Andrey Alekseenko           Cathrine Bergh      
      Christian Blau            Eliane Briand               Kevin Boyd        
     Oliver Fleetwood         Stefan Fleischmann           Vytas Gapsys       
       Gaurav Garg           Gilles Gouaillardet            Alan Gray         
      Victor Holanda           M. Eric Irrgang              Joe Jordan        
    Christoph Junghans        Prashanth Kanduri           Sebastian Kehl      
     Sebastian Keller          Carsten Kutzner           Magnus Lundborg      
       Pascal Merz              Dmitry Morozov             Szilard Pall       
      Roland Schulz             Michael Shirts         David van der Spoel    
     Alessandra Villa      Sebastian Wingbermuehle        Artem Zhmurov       

                         Previous GROMACS contributors:
        Emile Apol             Rossen Apostolov           James Barnett       
  Herman J.C. Berendsen          Par Bjelkmar           Viacheslav Bolnykh    
    Aldert van Buuren          Carlo Camilloni           Rudi van Drunen      
      Anton Feenstra           Gerrit Groenhof            Bert de Groot       
      Anca Hamuraru           Vincent Hindriksen         Aleksei Iupinov      
   Dimitrios Karkoulis           Peter Kasson               Jiri Kraus        
       Per Larsson             Justin A. Lemkul           Viveca Lindahl      
      Erik Marklund           Pieter Meulenhoff           Vedran Miletic      
      Teemu Murtola              Sander Pronk            Alexey Shvetsov      
      Alfons Sijbers            Peter Tieleman             Jon Vincent        
     Teemu Virolainen         Christian Wennberg           Maarten Wolf       

                  Coordinated by the GROMACS project leaders:
                    Paul Bauer, Berk Hess, and Erik Lindahl

GROMACS:      gmx mdrun, version 2022.4
Executable:   /usr/local/gromacs-2022.4/bin/gmx
Data prefix:  /usr/local/gromacs-2022.4
Working dir:  /home/student/Dimer_copy/problem_beads_minus02/DIM_C1-Nda/prep
Process ID:   40555
Command line:
  gmx mdrun -deffnm 6.1 -v -nt 4 -gpu_id 0

GROMACS version:    2022.4
Precision:          mixed
Memory model:       64 bit
MPI library:        thread_mpi
OpenMP support:     enabled (GMX_OPENMP_MAX_THREADS = 128)
GPU support:        CUDA
SIMD instructions:  AVX_512
CPU FFT library:    fftw-3.3.8-sse2-avx-avx2-avx2_128-avx512
GPU FFT library:    cuFFT
RDTSCP usage:       enabled
TNG support:        enabled
Hwloc support:      disabled
Tracing support:    disabled
C compiler:         /usr/bin/cc GNU 9.4.0
C compiler flags:   -mavx512f -mfma -mavx512vl -mavx512dq -mavx512bw -Wno-missing-field-initializers -fexcess-precision=fast -funroll-all-loops -O3 -DNDEBUG
C++ compiler:       /usr/bin/c++ GNU 9.4.0
C++ compiler flags: -mavx512f -mfma -mavx512vl -mavx512dq -mavx512bw -Wno-missing-field-initializers -fexcess-precision=fast -funroll-all-loops -fopenmp -O3 -DNDEBUG
CUDA compiler:      /usr/local/cuda-12.0/bin/nvcc nvcc: NVIDIA (R) Cuda compiler driver;Copyright (c) 2005-2022 NVIDIA Corporation;Built on Mon_Oct_24_19:12:58_PDT_2022;Cuda compilation tools, release 12.0, V12.0.76;Build cuda_12.0.r12.0/compiler.31968024_0
CUDA compiler flags:-std=c++17;--generate-code=arch=compute_50,code=sm_50;--generate-code=arch=compute_52,code=sm_52;--generate-code=arch=compute_60,code=sm_60;--generate-code=arch=compute_61,code=sm_61;--generate-code=arch=compute_70,code=sm_70;--generate-code=arch=compute_75,code=sm_75;--generate-code=arch=compute_80,code=sm_80;--generate-code=arch=compute_86,code=sm_86;--generate-code=arch=compute_89,code=sm_89;--generate-code=arch=compute_90,code=sm_90;-Wno-deprecated-gpu-targets;--generate-code=arch=compute_53,code=sm_53;--generate-code=arch=compute_80,code=sm_80;-use_fast_math;-D_FORCE_INLINES;-mavx512f -mfma -mavx512vl -mavx512dq -mavx512bw -Wno-missing-field-initializers -fexcess-precision=fast -funroll-all-loops -fopenmp -O3 -DNDEBUG
CUDA driver:        12.0
CUDA runtime:       12.0


Running on 1 node with total 36 cores, 72 processing units, 2 compatible GPUs
Hardware detected:
  CPU info:
    Vendor: Intel
    Brand:  Intel(R) Xeon(R) Platinum 8124M CPU @ 3.00GHz
    Family: 6   Model: 85   Stepping: 4
    Features: aes apic avx avx2 avx512f avx512cd avx512bw avx512vl avx512secondFMA clfsh cmov cx8 cx16 f16c fma hle htt intel lahf mmx msr nonstop_tsc pcid pclmuldq pdcm pdpe1gb popcnt pse rdrnd rdtscp rtm sse2 sse3 sse4.1 sse4.2 ssse3 tdt x2apic
    Number of AVX-512 FMA units: 2
  Hardware topology: Basic
    Packages, cores, and logical processors:
    [indices refer to OS logical processors]
      Package  0: [   0  36] [   1  37] [   2  38] [   3  39] [   4  40] [   5  41] [   6  42] [   7  43] [   8  44] [   9  45] [  10  46] [  11  47] [  12  48] [  13  49] [  14  50] [  15  51] [  16  52] [  17  53]
      Package  1: [  18  54] [  19  55] [  20  56] [  21  57] [  22  58] [  23  59] [  24  60] [  25  61] [  26  62] [  27  63] [  28  64] [  29  65] [  30  66] [  31  67] [  32  68] [  33  69] [  34  70] [  35  71]
    CPU limit set by OS: -1   Recommended max number of threads: 72
  GPU info:
    Number of GPUs detected: 2
    #0: NVIDIA NVIDIA GeForce RTX 3090, compute cap.: 8.6, ECC:  no, stat: compatible
    #1: NVIDIA NVIDIA GeForce RTX 3090, compute cap.: 8.6, ECC:  no, stat: compatible


++++ PLEASE READ AND CITE THE FOLLOWING REFERENCE ++++
M. J. Abraham, T. Murtola, R. Schulz, S. Páll, J. C. Smith, B. Hess, E.
Lindahl
GROMACS: High performance molecular simulations through multi-level
parallelism from laptops to supercomputers
SoftwareX 1 (2015) pp. 19-25
-------- -------- --- Thank You --- -------- --------


++++ PLEASE READ AND CITE THE FOLLOWING REFERENCE ++++
S. Páll, M. J. Abraham, C. Kutzner, B. Hess, E. Lindahl
Tackling Exascale Software Challenges in Molecular Dynamics Simulations with
GROMACS
In S. Markidis & E. Laure (Eds.), Solving Software Challenges for Exascale 8759 (2015) pp. 3-27
-------- -------- --- Thank You --- -------- --------


++++ PLEASE READ AND CITE THE FOLLOWING REFERENCE ++++
S. Pronk, S. Páll, R. Schulz, P. Larsson, P. Bjelkmar, R. Apostolov, M. R.
Shirts, J. C. Smith, P. M. Kasson, D. van der Spoel, B. Hess, and E. Lindahl
GROMACS 4.5: a high-throughput and highly parallel open source molecular
simulation toolkit
Bioinformatics 29 (2013) pp. 845-54
-------- -------- --- Thank You --- -------- --------


++++ PLEASE READ AND CITE THE FOLLOWING REFERENCE ++++
B. Hess and C. Kutzner and D. van der Spoel and E. Lindahl
GROMACS 4: Algorithms for highly efficient, load-balanced, and scalable
molecular simulation
J. Chem. Theory Comput. 4 (2008) pp. 435-447
-------- -------- --- Thank You --- -------- --------


++++ PLEASE READ AND CITE THE FOLLOWING REFERENCE ++++
D. van der Spoel, E. Lindahl, B. Hess, G. Groenhof, A. E. Mark and H. J. C.
Berendsen
GROMACS: Fast, Flexible and Free
J. Comp. Chem. 26 (2005) pp. 1701-1719
-------- -------- --- Thank You --- -------- --------


++++ PLEASE READ AND CITE THE FOLLOWING REFERENCE ++++
E. Lindahl and B. Hess and D. van der Spoel
GROMACS 3.0: A package for molecular simulation and trajectory analysis
J. Mol. Mod. 7 (2001) pp. 306-317
-------- -------- --- Thank You --- -------- --------


++++ PLEASE READ AND CITE THE FOLLOWING REFERENCE ++++
H. J. C. Berendsen, D. van der Spoel and R. van Drunen
GROMACS: A message-passing parallel molecular dynamics implementation
Comp. Phys. Comm. 91 (1995) pp. 43-56
-------- -------- --- Thank You --- -------- --------


++++ PLEASE CITE THE DOI FOR THIS VERSION OF GROMACS ++++
https://doi.org/10.5281/zenodo.7323393
-------- -------- --- Thank You --- -------- --------

Input Parameters:
   integrator                     = steep
   tinit                          = 0
   dt                             = 0.001
   nsteps                         = 5000
   init-step                      = 0
   simulation-part                = 1
   mts                            = false
   comm-mode                      = Linear
   nstcomm                        = 100
   bd-fric                        = 0
   ld-seed                        = -1103134786
   emtol                          = 10
   emstep                         = 0.01
   niter                          = 20
   fcstep                         = 0
   nstcgsteep                     = 1000
   nbfgscorr                      = 10
   rtpi                           = 0.05
   nstxout                        = 0
   nstvout                        = 0
   nstfout                        = 0
   nstlog                         = 100
   nstcalcenergy                  = 100
   nstenergy                      = 100
   nstxout-compressed             = 1000
   compressed-x-precision         = 100
   cutoff-scheme                  = Verlet
   nstlist                        = 20
   pbc                            = xyz
   periodic-molecules             = false
   verlet-buffer-tolerance        = 0.005
   rlist                          = 1.155
   coulombtype                    = Reaction-Field
   coulomb-modifier               = Potential-shift
   rcoulomb-switch                = 0
   rcoulomb                       = 1.1
   epsilon-r                      = 2.5
   epsilon-rf                     = inf
   vdw-type                       = Cut-off
   vdw-modifier                   = Potential-shift
   rvdw-switch                    = 0
   rvdw                           = 1.1
   DispCorr                       = No
   table-extension                = 1
   fourierspacing                 = 0.12
   fourier-nx                     = 0
   fourier-ny                     = 0
   fourier-nz                     = 0
   pme-order                      = 4
   ewald-rtol                     = 1e-05
   ewald-rtol-lj                  = 0.001
   lj-pme-comb-rule               = Geometric
   ewald-geometry                 = 3d
   epsilon-surface                = 0
   tcoupl                         = No
   nsttcouple                     = -1
   nh-chain-length                = 0
   print-nose-hoover-chain-variables = false
   pcoupl                         = No
   pcoupltype                     = Semiisotropic
   nstpcouple                     = -1
   tau-p                          = 5
   compressibility (3x3):
      compressibility[    0]={ 3.00000e-04,  0.00000e+00,  0.00000e+00}
      compressibility[    1]={ 0.00000e+00,  3.00000e-04,  0.00000e+00}
      compressibility[    2]={ 0.00000e+00,  0.00000e+00,  3.00000e-04}
   ref-p (3x3):
      ref-p[    0]={ 1.00000e+00,  0.00000e+00,  0.00000e+00}
      ref-p[    1]={ 0.00000e+00,  1.00000e+00,  0.00000e+00}
      ref-p[    2]={ 0.00000e+00,  0.00000e+00,  1.00000e+00}
   refcoord-scaling               = All
   posres-com (3):
      posres-com[0]= 0.00000e+00
      posres-com[1]= 0.00000e+00
      posres-com[2]= 0.00000e+00
   posres-comB (3):
      posres-comB[0]= 0.00000e+00
      posres-comB[1]= 0.00000e+00
      posres-comB[2]= 0.00000e+00
   QMMM                           = false
qm-opts:
   ngQM                           = 0
   constraint-algorithm           = Lincs
   continuation                   = false
   Shake-SOR                      = false
   shake-tol                      = 0.0001
   lincs-order                    = 4
   lincs-iter                     = 1
   lincs-warnangle                = 30
   nwall                          = 0
   wall-type                      = 9-3
   wall-r-linpot                  = -1
   wall-atomtype[0]               = -1
   wall-atomtype[1]               = -1
   wall-density[0]                = 0
   wall-density[1]                = 0
   wall-ewald-zfac                = 3
   pull                           = false
   awh                            = false
   rotation                       = false
   interactiveMD                  = false
   disre                          = No
   disre-weighting                = Conservative
   disre-mixed                    = false
   dr-fc                          = 1000
   dr-tau                         = 0
   nstdisreout                    = 100
   orire-fc                       = 0
   orire-tau                      = 0
   nstorireout                    = 100
   free-energy                    = no
   cos-acceleration               = 0
   deform (3x3):
      deform[    0]={ 0.00000e+00,  0.00000e+00,  0.00000e+00}
      deform[    1]={ 0.00000e+00,  0.00000e+00,  0.00000e+00}
      deform[    2]={ 0.00000e+00,  0.00000e+00,  0.00000e+00}
   simulated-tempering            = false
   swapcoords                     = no
   userint1                       = 0
   userint2                       = 0
   userint3                       = 0
   userint4                       = 0
   userreal1                      = 0
   userreal2                      = 0
   userreal3                      = 0
   userreal4                      = 0
   applied-forces:
     electric-field:
       x:
         E0                       = 0
         omega                    = 0
         t0                       = 0
         sigma                    = 0
       y:
         E0                       = 0
         omega                    = 0
         t0                       = 0
         sigma                    = 0
       z:
         E0                       = 0
         omega                    = 0
         t0                       = 0
         sigma                    = 0
     density-guided-simulation:
       active                     = false
       group                      = protein
       similarity-measure         = inner-product
       atom-spreading-weight      = unity
       force-constant             = 1e+09
       gaussian-transform-spreading-width = 0.2
       gaussian-transform-spreading-range-in-multiples-of-width = 4
       reference-density-filename = reference.mrc
       nst                        = 1
       normalize-densities        = true
       adaptive-force-scaling     = false
       adaptive-force-scaling-time-constant = 4
       shift-vector               = 
       transformation-matrix      = 
     qmmm-cp2k:
       active                     = false
       qmgroup                    = System
       qmmethod                   = PBE
       qmfilenames                = 
       qmcharge                   = 0
       qmmultiplicity             = 1
grpopts:
   nrdf:     10583.4     41995.2
   ref-t:           0           0
   tau-t:           0           0
annealing:          No          No
annealing-npoints:           0           0
   acc:	           0           0           0
   nfreeze:           Y           Y           Y           Y           Y           Y           N           N           N
   energygrp-flags[  0]: 0

When checking whether update groups are usable:
  Domain decomposition is not active, so there is no need for update groups
  At least one moleculetype does not conform to the requirements for using update groups
1 GPU selected for this run.
Mapping of GPU IDs to the 1 GPU task in the 1 rank on this node:
  PP:0
PP tasks will do (non-perturbed) short-ranged interactions on the GPU
PP task will update and constrain coordinates on the CPU
Using 1 MPI thread
Using 4 OpenMP threads 


NOTE: The number of threads is not equal to the number of (logical) cpus
      and the -pin option is set to auto: will not pin threads to cpus.
      This can lead to significant performance degradation.
      Consider using -pin on (and -pinoffset in case you run multiple jobs).
System total charge: 0.000
Reaction-Field:
epsRF = 0, rc = 1.1, krf = 0.375657, crf = 1.36364, epsfac = 55.5742
The electrostatics potential has its minimum at r = 1.1
Potential shift: LJ r^-12: -3.186e-01 r^-6: -5.645e-01


Using GPU 8x8 nonbonded short-range kernels

Using a 8x8 pair-list setup:
  updated every 20 steps, buffer 0.055 nm, rlist 1.155 nm

Using full Lennard-Jones parameter combination matrix
Removing pbc first time

Initializing LINear Constraint Solver

++++ PLEASE READ AND CITE THE FOLLOWING REFERENCE ++++
B. Hess
P-LINCS: A Parallel Linear Constraint Solver for molecular simulation
J. Chem. Theory Comput. 4 (2008) pp. 116-122
-------- -------- --- Thank You --- -------- --------

The number of constraints is 12758
840 constraints are involved in constraint triangles,
will apply an additional matrix expansion of order 4 for couplings
between constraints inside triangles

Note that activating steepest-descent energy minimization via the integrator .mdp option and the command gmx mdrun may be available in a different form in a future version of GROMACS, e.g. gmx minimize and an .mdp option.
Initiating Steepest Descents
Started Steepest Descents on rank 0 Thu Mar 30 00:27:43 2023


Steepest Descents:
   Tolerance (Fmax)   =  1.00000e+01
   Number of steps    =         5000
           Step           Time
              0        0.00000

   Energies (kJ/mol)
           Bond       G96Angle  Improper Dih.        LJ (SR)   Coulomb (SR)
    3.67665e+03    2.75391e+04    5.80946e+03   -2.09922e+05   -1.94717e+05
      Potential Pressure (bar)   Constr. rmsd
   -3.67614e+05   -2.84272e+03    1.75727e-05

           Step           Time
              1        1.00000

           Step           Time
              2        2.00000

           Step           Time
              3        3.00000

           Step           Time
              4        4.00000

           Step           Time
              5        5.00000

           Step           Time
              6        6.00000

           Step           Time
              7        7.00000

   Energies (kJ/mol)
           Bond       G96Angle  Improper Dih.        LJ (SR)   Coulomb (SR)
    3.67733e+03    2.75401e+04    5.80917e+03   -2.09918e+05   -1.94722e+05
      Potential Pressure (bar)   Constr. rmsd
   -3.67614e+05   -2.84269e+03    9.46247e-06

           Step           Time
              8        8.00000

   Energies (kJ/mol)
           Bond       G96Angle  Improper Dih.        LJ (SR)   Coulomb (SR)
    3.67762e+03    2.75413e+04    5.80878e+03   -2.09914e+05   -1.94728e+05
      Potential Pressure (bar)   Constr. rmsd
   -3.67614e+05   -2.84262e+03    1.17851e-05

           Step           Time
              9        9.00000

   Energies (kJ/mol)
           Bond       G96Angle  Improper Dih.        LJ (SR)   Coulomb (SR)
    3.67792e+03    2.75427e+04    5.80841e+03   -2.09910e+05   -1.94735e+05
      Potential Pressure (bar)   Constr. rmsd
   -3.67615e+05   -2.84253e+03    1.41130e-05

           Step           Time
             10       10.00000

   Energies (kJ/mol)
           Bond       G96Angle  Improper Dih.        LJ (SR)   Coulomb (SR)
    3.67830e+03    2.75444e+04    5.80805e+03   -2.09904e+05   -1.94742e+05
      Potential Pressure (bar)   Constr. rmsd
   -3.67616e+05   -2.84243e+03    1.68886e-05

           Step           Time
             11       11.00000

   Energies (kJ/mol)
           Bond       G96Angle  Improper Dih.        LJ (SR)   Coulomb (SR)
    3.67876e+03    2.75463e+04    5.80773e+03   -2.09897e+05   -1.94752e+05
      Potential Pressure (bar)   Constr. rmsd
   -3.67616e+05   -2.84230e+03    2.02468e-05

           Step           Time
             12       12.00000

   Energies (kJ/mol)
           Bond       G96Angle  Improper Dih.        LJ (SR)   Coulomb (SR)
    3.67930e+03    2.75486e+04    5.80745e+03   -2.09889e+05   -1.94763e+05
      Potential Pressure (bar)   Constr. rmsd
   -3.67617e+05   -2.84214e+03    2.42640e-05

           Step           Time
             13       13.00000

   Energies (kJ/mol)
           Bond       G96Angle  Improper Dih.        LJ (SR)   Coulomb (SR)
    3.67992e+03    2.75512e+04    5.80722e+03   -2.09880e+05   -1.94776e+05
      Potential Pressure (bar)   Constr. rmsd
   -3.67617e+05   -2.84196e+03    2.91041e-05

           Step           Time
             14       14.00000

   Energies (kJ/mol)
           Bond       G96Angle  Improper Dih.        LJ (SR)   Coulomb (SR)
    3.68064e+03    2.75543e+04    5.80706e+03   -2.09869e+05   -1.94791e+05
      Potential Pressure (bar)   Constr. rmsd
   -3.67618e+05   -2.84172e+03    3.49248e-05

           Step           Time
             15       15.00000

   Energies (kJ/mol)
           Bond       G96Angle  Improper Dih.        LJ (SR)   Coulomb (SR)
    3.68144e+03    2.75578e+04    5.80698e+03   -2.09857e+05   -1.94809e+05
      Potential Pressure (bar)   Constr. rmsd
   -3.67619e+05   -2.84145e+03    4.19018e-05

           Step           Time
             16       16.00000

   Energies (kJ/mol)
           Bond       G96Angle  Improper Dih.        LJ (SR)   Coulomb (SR)
    3.68233e+03    2.75618e+04    5.80700e+03   -2.09842e+05   -1.94829e+05
      Potential Pressure (bar)   Constr. rmsd
   -3.67620e+05   -2.84113e+03    5.03179e-05

           Step           Time
             17       17.00000

   Energies (kJ/mol)
           Bond       G96Angle  Improper Dih.        LJ (SR)   Coulomb (SR)
    3.68331e+03    2.75662e+04    5.80714e+03   -2.09826e+05   -1.94851e+05
      Potential Pressure (bar)   Constr. rmsd
   -3.67621e+05   -2.84074e+03    6.03938e-05

           Step           Time
             18       18.00000

   Energies (kJ/mol)
           Bond       G96Angle  Improper Dih.        LJ (SR)   Coulomb (SR)
    3.68438e+03    2.75712e+04    5.80743e+03   -2.09809e+05   -1.94877e+05
      Potential Pressure (bar)   Constr. rmsd
   -3.67622e+05   -2.84032e+03    7.25111e-05

           Step           Time
             19       19.00000

   Energies (kJ/mol)
           Bond       G96Angle  Improper Dih.        LJ (SR)   Coulomb (SR)
    3.68558e+03    2.75766e+04    5.80787e+03   -2.09788e+05   -1.94905e+05
      Potential Pressure (bar)   Constr. rmsd
   -3.67622e+05   -2.83982e+03    8.70602e-05

           Step           Time
             20       20.00000

   Energies (kJ/mol)
           Bond       G96Angle  Improper Dih.        LJ (SR)   Coulomb (SR)
    3.68693e+03    2.75824e+04    5.80851e+03   -2.09766e+05   -1.94935e+05
      Potential Pressure (bar)   Constr. rmsd
   -3.67623e+05   -2.83926e+03    1.04516e-04

           Step           Time
             21       21.00000

   Energies (kJ/mol)
           Bond       G96Angle  Improper Dih.        LJ (SR)   Coulomb (SR)
    3.68844e+03    2.75885e+04    5.80936e+03   -2.09742e+05   -1.94967e+05
      Potential Pressure (bar)   Constr. rmsd
   -3.67624e+05   -2.83863e+03    1.25445e-04

           Step           Time
             22       22.00000

   Energies (kJ/mol)
           Bond       G96Angle  Improper Dih.        LJ (SR)   Coulomb (SR)
    3.69016e+03    2.75946e+04    5.81046e+03   -2.09718e+05   -1.95002e+05
      Potential Pressure (bar)   Constr. rmsd
   -3.67625e+05   -2.83795e+03    1.50608e-04

           Step           Time
             23       23.00000

   Energies (kJ/mol)
           Bond       G96Angle  Improper Dih.        LJ (SR)   Coulomb (SR)
    3.69213e+03    2.76006e+04    5.81182e+03   -2.09693e+05   -1.95038e+05
      Potential Pressure (bar)   Constr. rmsd
   -3.67626e+05   -2.83720e+03    1.80810e-04

           Step           Time
             24       24.00000

   Energies (kJ/mol)
           Bond       G96Angle  Improper Dih.        LJ (SR)   Coulomb (SR)
    3.69443e+03    2.76063e+04    5.81348e+03   -2.09668e+05   -1.95073e+05
      Potential Pressure (bar)   Constr. rmsd
   -3.67626e+05   -2.83643e+03    2.17170e-04

           Step           Time
             25       25.00000

   Energies (kJ/mol)
           Bond       G96Angle  Improper Dih.        LJ (SR)   Coulomb (SR)
    3.69709e+03    2.76114e+04    5.81551e+03   -2.09644e+05   -1.95108e+05
      Potential Pressure (bar)   Constr. rmsd
   -3.67627e+05   -2.83563e+03    2.60884e-04

           Step           Time
             26       26.00000

           Step           Time
             27       27.00000

   Energies (kJ/mol)
           Bond       G96Angle  Improper Dih.        LJ (SR)   Coulomb (SR)
    3.68903e+03    2.76134e+04    5.81458e+03   -2.09632e+05   -1.95124e+05
      Potential Pressure (bar)   Constr. rmsd
   -3.67639e+05   -2.83462e+03    1.67347e-04

           Step           Time
             28       28.00000

   Energies (kJ/mol)
           Bond       G96Angle  Improper Dih.        LJ (SR)   Coulomb (SR)
    3.69082e+03    2.76156e+04    5.81473e+03   -2.09619e+05   -1.95142e+05
      Potential Pressure (bar)   Constr. rmsd
   -3.67640e+05   -2.83469e+03    1.88972e-04

           Step           Time
             29       29.00000

   Energies (kJ/mol)
           Bond       G96Angle  Improper Dih.        LJ (SR)   Coulomb (SR)
    3.69549e+03    2.76176e+04    5.81381e+03   -2.09606e+05   -1.95161e+05
      Potential Pressure (bar)   Constr. rmsd
   -3.67640e+05   -2.83393e+03    2.24798e-04

           Step           Time
             30       30.00000

   Energies (kJ/mol)
           Bond       G96Angle  Improper Dih.        LJ (SR)   Coulomb (SR)
    3.69715e+03    2.76194e+04    5.81704e+03   -2.09593e+05   -1.95181e+05
      Potential Pressure (bar)   Constr. rmsd
   -3.67640e+05   -2.83431e+03    2.71256e-04

           Step           Time
             31       31.00000

           Step           Time
             32       32.00000

   Energies (kJ/mol)
           Bond       G96Angle  Improper Dih.        LJ (SR)   Coulomb (SR)
    3.69002e+03    2.76201e+04    5.81492e+03   -2.09587e+05   -1.95191e+05
      Potential Pressure (bar)   Constr. rmsd
   -3.67653e+05   -2.83241e+03    1.73034e-04

           Step           Time
             33       33.00000

   Energies (kJ/mol)
           Bond       G96Angle  Improper Dih.        LJ (SR)   Coulomb (SR)
    3.69100e+03    2.76210e+04    5.81714e+03   -2.09580e+05   -1.95203e+05
      Potential Pressure (bar)   Constr. rmsd
   -3.67653e+05   -2.83384e+03    1.95807e-04

           Step           Time
             34       34.00000

   Energies (kJ/mol)
           Bond       G96Angle  Improper Dih.        LJ (SR)   Coulomb (SR)
    3.69337e+03    2.76215e+04    5.81713e+03   -2.09573e+05   -1.95213e+05
      Potential Pressure (bar)   Constr. rmsd
   -3.67654e+05   -2.83135e+03    1.89948e-04

           Step           Time
             35       35.00000

   Energies (kJ/mol)
           Bond       G96Angle  Improper Dih.        LJ (SR)   Coulomb (SR)
    3.68966e+03    2.76220e+04    5.82270e+03   -2.09568e+05   -1.95222e+05
      Potential Pressure (bar)   Constr. rmsd
   -3.67656e+05   -2.83350e+03    1.63684e-04

           Step           Time
             36       36.00000

           Step           Time
             37       37.00000

   Energies (kJ/mol)
           Bond       G96Angle  Improper Dih.        LJ (SR)   Coulomb (SR)
    3.68334e+03    2.76221e+04    5.81220e+03   -2.09566e+05   -1.95225e+05
      Potential Pressure (bar)   Constr. rmsd
   -3.67673e+05   -2.83178e+03    8.48835e-05

           Step           Time
             38       38.00000

           Step           Time
             39       39.00000

   Energies (kJ/mol)
           Bond       G96Angle  Improper Dih.        LJ (SR)   Coulomb (SR)
    3.68511e+03    2.76223e+04    5.81176e+03   -2.09563e+05   -1.95230e+05
      Potential Pressure (bar)   Constr. rmsd
   -3.67674e+05   -2.83212e+03    1.00535e-04

           Step           Time
             40       40.00000

           Step           Time
             41       41.00000

   Energies (kJ/mol)
           Bond       G96Angle  Improper Dih.        LJ (SR)   Coulomb (SR)
    3.68258e+03    2.76224e+04    5.81063e+03   -2.09561e+05   -1.95233e+05
      Potential Pressure (bar)   Constr. rmsd
   -3.67678e+05   -2.83182e+03    6.47532e-05

           Step           Time
             42       42.00000

   Energies (kJ/mol)
           Bond       G96Angle  Improper Dih.        LJ (SR)   Coulomb (SR)
    3.68368e+03    2.76226e+04    5.81022e+03   -2.09560e+05   -1.95236e+05
      Potential Pressure (bar)   Constr. rmsd
   -3.67679e+05   -2.83185e+03    7.28410e-05

           Step           Time
             43       43.00000

   Energies (kJ/mol)
           Bond       G96Angle  Improper Dih.        LJ (SR)   Coulomb (SR)
    3.68528e+03    2.76228e+04    5.80995e+03   -2.09557e+05   -1.95240e+05
      Potential Pressure (bar)   Constr. rmsd
   -3.67679e+05   -2.83189e+03    8.69498e-05

           Step           Time
             44       44.00000

           Step           Time
             45       45.00000

   Energies (kJ/mol)
           Bond       G96Angle  Improper Dih.        LJ (SR)   Coulomb (SR)
    3.68291e+03    2.76228e+04    5.80920e+03   -2.09556e+05   -1.95242e+05
      Potential Pressure (bar)   Constr. rmsd
   -3.67683e+05   -2.83167e+03    5.58835e-05

           Step           Time
             46       46.00000

   Energies (kJ/mol)
           Bond       G96Angle  Improper Dih.        LJ (SR)   Coulomb (SR)
    3.68370e+03    2.76229e+04    5.80905e+03   -2.09554e+05   -1.95245e+05
      Potential Pressure (bar)   Constr. rmsd
   -3.67684e+05   -2.83169e+03    6.29220e-05

           Step           Time
             47       47.00000

   Energies (kJ/mol)
           Bond       G96Angle  Improper Dih.        LJ (SR)   Coulomb (SR)
    3.68492e+03    2.76230e+04    5.80899e+03   -2.09552e+05   -1.95248e+05
      Potential Pressure (bar)   Constr. rmsd
   -3.67684e+05   -2.83171e+03    7.51220e-05

           Step           Time
             48       48.00000

           Step           Time
             49       49.00000

   Energies (kJ/mol)
           Bond       G96Angle  Improper Dih.        LJ (SR)   Coulomb (SR)
    3.68280e+03    2.76231e+04    5.80841e+03   -2.09551e+05   -1.95250e+05
      Potential Pressure (bar)   Constr. rmsd
   -3.67687e+05   -2.83152e+03    4.83007e-05

           Step           Time
             50       50.00000

   Energies (kJ/mol)
           Bond       G96Angle  Improper Dih.        LJ (SR)   Coulomb (SR)
    3.68342e+03    2.76232e+04    5.80835e+03   -2.09550e+05   -1.95252e+05
      Potential Pressure (bar)   Constr. rmsd
   -3.67687e+05   -2.83153e+03    5.43596e-05

           Step           Time
             51       51.00000

   Energies (kJ/mol)
           Bond       G96Angle  Improper Dih.        LJ (SR)   Coulomb (SR)
    3.68442e+03    2.76233e+04    5.80837e+03   -2.09549e+05   -1.95255e+05
      Potential Pressure (bar)   Constr. rmsd
   -3.67688e+05   -2.83154e+03    6.49231e-05

           Step           Time
             52       52.00000

   Energies (kJ/mol)
           Bond       G96Angle  Improper Dih.        LJ (SR)   Coulomb (SR)
    3.68558e+03    2.76234e+04    5.80847e+03   -2.09547e+05   -1.95258e+05
      Potential Pressure (bar)   Constr. rmsd
   -3.67688e+05   -2.83156e+03    7.78579e-05

           Step           Time
             53       53.00000

           Step           Time
             54       54.00000

   Energies (kJ/mol)
           Bond       G96Angle  Improper Dih.        LJ (SR)   Coulomb (SR)
    3.68330e+03    2.76234e+04    5.80797e+03   -2.09546e+05   -1.95260e+05
      Potential Pressure (bar)   Constr. rmsd
   -3.67691e+05   -2.83135e+03    5.00677e-05

           Step           Time
             55       55.00000

   Energies (kJ/mol)
           Bond       G96Angle  Improper Dih.        LJ (SR)   Coulomb (SR)
    3.68386e+03    2.76235e+04    5.80801e+03   -2.09545e+05   -1.95262e+05
      Potential Pressure (bar)   Constr. rmsd
   -3.67691e+05   -2.83135e+03    5.63918e-05

           Step           Time
             56       56.00000

   Energies (kJ/mol)
           Bond       G96Angle  Improper Dih.        LJ (SR)   Coulomb (SR)
    3.68479e+03    2.76236e+04    5.80813e+03   -2.09543e+05   -1.95265e+05
      Potential Pressure (bar)   Constr. rmsd
   -3.67692e+05   -2.83135e+03    6.72886e-05

           Step           Time
             57       57.00000

           Step           Time
             58       58.00000

   Energies (kJ/mol)
           Bond       G96Angle  Improper Dih.        LJ (SR)   Coulomb (SR)
    3.68283e+03    2.76236e+04    5.80768e+03   -2.09542e+05   -1.95267e+05
      Potential Pressure (bar)   Constr. rmsd
   -3.67695e+05   -2.83118e+03    4.32914e-05

           Step           Time
             59       59.00000

           Step           Time
             60       60.00000

   Energies (kJ/mol)
           Bond       G96Angle  Improper Dih.        LJ (SR)   Coulomb (SR)
    3.68145e+03    2.76236e+04    5.80734e+03   -2.09542e+05   -1.95267e+05
      Potential Pressure (bar)   Constr. rmsd
   -3.67697e+05   -2.83107e+03    2.62877e-05

           Step           Time
             61       61.00000

           Step           Time
             62       62.00000

   Energies (kJ/mol)
           Bond       G96Angle  Improper Dih.        LJ (SR)   Coulomb (SR)
    3.68061e+03    2.76236e+04    5.80712e+03   -2.09542e+05   -1.95268e+05
      Potential Pressure (bar)   Constr. rmsd
   -3.67698e+05   -2.83102e+03    1.58801e-05

           Step           Time
             63       63.00000

   Energies (kJ/mol)
           Bond       G96Angle  Improper Dih.        LJ (SR)   Coulomb (SR)
    3.68079e+03    2.76237e+04    5.80709e+03   -2.09541e+05   -1.95268e+05
      Potential Pressure (bar)   Constr. rmsd
   -3.67698e+05   -2.83103e+03    1.76475e-05

           Step           Time
             64       64.00000

           Step           Time
             65       65.00000

   Energies (kJ/mol)
           Bond       G96Angle  Improper Dih.        LJ (SR)   Coulomb (SR)
    3.68029e+03    2.76237e+04    5.80695e+03   -2.09541e+05   -1.95269e+05
      Potential Pressure (bar)   Constr. rmsd
   -3.67699e+05   -2.83099e+03    1.14158e-05

           Step           Time
             66       66.00000

           Step           Time
             67       67.00000

   Energies (kJ/mol)
           Bond       G96Angle  Improper Dih.        LJ (SR)   Coulomb (SR)
    3.67994e+03    2.76237e+04    5.80685e+03   -2.09541e+05   -1.95269e+05
      Potential Pressure (bar)   Constr. rmsd
   -3.67699e+05   -2.83097e+03    7.09357e-06

           Step           Time
             68       68.00000

           Step           Time
             69       69.00000

   Energies (kJ/mol)
           Bond       G96Angle  Improper Dih.        LJ (SR)   Coulomb (SR)
    3.67973e+03    2.76237e+04    5.80679e+03   -2.09541e+05   -1.95269e+05
      Potential Pressure (bar)   Constr. rmsd
   -3.67699e+05   -2.83095e+03    4.58087e-06

           Step           Time
             70       70.00000

   Energies (kJ/mol)
           Bond       G96Angle  Improper Dih.        LJ (SR)   Coulomb (SR)
    3.67978e+03    2.76237e+04    5.80678e+03   -2.09540e+05   -1.95269e+05
      Potential Pressure (bar)   Constr. rmsd
   -3.67699e+05   -2.83096e+03    4.97140e-06

           Step           Time
             71       71.00000

   Energies (kJ/mol)
           Bond       G96Angle  Improper Dih.        LJ (SR)   Coulomb (SR)
    3.67987e+03    2.76237e+04    5.80677e+03   -2.09541e+05   -1.95270e+05
      Potential Pressure (bar)   Constr. rmsd
   -3.67700e+05   -2.83096e+03    5.82947e-06

           Step           Time
             72       72.00000

           Step           Time
             73       73.00000

   Energies (kJ/mol)
           Bond       G96Angle  Improper Dih.        LJ (SR)   Coulomb (SR)
    3.67971e+03    2.76237e+04    5.80672e+03   -2.09540e+05   -1.95270e+05
      Potential Pressure (bar)   Constr. rmsd
   -3.67700e+05   -2.83095e+03    4.01643e-06

           Step           Time
             74       74.00000

           Step           Time
             75       75.00000

           Step           Time
             76       76.00000

   Energies (kJ/mol)
           Bond       G96Angle  Improper Dih.        LJ (SR)   Coulomb (SR)
    3.67953e+03    2.76237e+04    5.80668e+03   -2.09540e+05   -1.95270e+05
      Potential Pressure (bar)   Constr. rmsd
   -3.67700e+05   -2.83094e+03    2.29468e-06

           Step           Time
             77       77.00000

           Step           Time
             78       78.00000

   Energies (kJ/mol)
           Bond       G96Angle  Improper Dih.        LJ (SR)   Coulomb (SR)
    3.67948e+03    2.76237e+04    5.80667e+03   -2.09540e+05   -1.95270e+05
      Potential Pressure (bar)   Constr. rmsd
   -3.67700e+05   -2.83094e+03    2.03201e-06

           Step           Time
             79       79.00000

           Step           Time
             80       80.00000

           Step           Time
             81       81.00000

           Step           Time
             82       82.00000

   Energies (kJ/mol)
           Bond       G96Angle  Improper Dih.        LJ (SR)   Coulomb (SR)
    3.67944e+03    2.76237e+04    5.80665e+03   -2.09540e+05   -1.95270e+05
      Potential Pressure (bar)   Constr. rmsd
   -3.67700e+05   -2.83093e+03    1.89813e-06

           Step           Time
             83       83.00000


Energy minimization has stopped, but the forces have not converged to the
requested precision Fmax < 10 (which may not be possible for your system). It
stopped because the algorithm tried to make a new step whose size was too
small, or there was no change in the energy since last step. Either way, we
regard the minimization as converged to within the available machine
precision, given your starting configuration and EM parameters.

Double precision normally gives you higher accuracy, but this is often not
needed for preparing to run molecular dynamics.
You might need to increase your constraint accuracy, or turn
off constraints altogether (set constraints = none in mdp file)

Steepest Descents converged to machine precision in 84 steps,
but did not reach the requested Fmax < 10.
Potential Energy  = -3.6770038e+05
Maximum force     =  1.0692075e+02 on atom 2560
Norm of force     =  1.1755070e+01
Finished mdrun on rank 0 Thu Mar 30 00:27:43 2023

